<?xml version="1.0" encoding="UTF-8"?>
<!-- Generated by org.testng.reporters.JUnitReportReporter -->
<testsuite hostname="LPT1311-B1" failures="0" tests="1" name="testCases.TC001_AccountRegistrationTest" time="2.317" errors="0" timestamp="2024-08-26T18:53:30 IST" skipped="0">
  <testcase classname="testCases.TC001_AccountRegistrationTest" name="verify_account_registration" time="2.317"/>
  <system-out/>
</testsuite> <!-- testCases.TC001_AccountRegistrationTest -->
